mode: set
github.com/pehks1980/go_gb_be1_kurs/web-link/internal/app/endpoint/link-validate.go:12.91,19.2 4 1
github.com/pehks1980/go_gb_be1_kurs/web-link/internal/app/endpoint/link-validate.go:24.94,27.16 2 1
github.com/pehks1980/go_gb_be1_kurs/web-link/internal/app/endpoint/link-validate.go:31.2,34.41 3 1
github.com/pehks1980/go_gb_be1_kurs/web-link/internal/app/endpoint/link-validate.go:40.2,40.22 1 0
github.com/pehks1980/go_gb_be1_kurs/web-link/internal/app/endpoint/link-validate.go:27.16,29.3 1 0
github.com/pehks1980/go_gb_be1_kurs/web-link/internal/app/endpoint/link-validate.go:34.41,35.29 1 1
github.com/pehks1980/go_gb_be1_kurs/web-link/internal/app/endpoint/link-validate.go:35.29,37.4 1 1
github.com/pehks1980/go_gb_be1_kurs/web-link/internal/app/endpoint/link.go:42.54,69.2 18 1
github.com/pehks1980/go_gb_be1_kurs/web-link/internal/app/endpoint/link.go:72.72,73.60 1 1
github.com/pehks1980/go_gb_be1_kurs/web-link/internal/app/endpoint/link.go:73.60,79.18 4 0
github.com/pehks1980/go_gb_be1_kurs/web-link/internal/app/endpoint/link.go:83.3,86.27 3 0
github.com/pehks1980/go_gb_be1_kurs/web-link/internal/app/endpoint/link.go:90.3,91.17 2 0
github.com/pehks1980/go_gb_be1_kurs/web-link/internal/app/endpoint/link.go:95.3,95.9 1 0
github.com/pehks1980/go_gb_be1_kurs/web-link/internal/app/endpoint/link.go:79.18,82.4 2 0
github.com/pehks1980/go_gb_be1_kurs/web-link/internal/app/endpoint/link.go:86.27,89.4 2 0
github.com/pehks1980/go_gb_be1_kurs/web-link/internal/app/endpoint/link.go:91.17,94.4 2 0
github.com/pehks1980/go_gb_be1_kurs/web-link/internal/app/endpoint/link.go:100.72,101.60 1 1
github.com/pehks1980/go_gb_be1_kurs/web-link/internal/app/endpoint/link.go:101.60,107.18 4 0
github.com/pehks1980/go_gb_be1_kurs/web-link/internal/app/endpoint/link.go:111.3,115.40 4 0
github.com/pehks1980/go_gb_be1_kurs/web-link/internal/app/endpoint/link.go:119.3,123.17 4 0
github.com/pehks1980/go_gb_be1_kurs/web-link/internal/app/endpoint/link.go:127.3,131.31 3 0
github.com/pehks1980/go_gb_be1_kurs/web-link/internal/app/endpoint/link.go:136.3,137.17 2 0
github.com/pehks1980/go_gb_be1_kurs/web-link/internal/app/endpoint/link.go:142.3,143.17 2 0
github.com/pehks1980/go_gb_be1_kurs/web-link/internal/app/endpoint/link.go:147.3,147.9 1 0
github.com/pehks1980/go_gb_be1_kurs/web-link/internal/app/endpoint/link.go:107.18,110.4 2 0
github.com/pehks1980/go_gb_be1_kurs/web-link/internal/app/endpoint/link.go:115.40,118.4 2 0
github.com/pehks1980/go_gb_be1_kurs/web-link/internal/app/endpoint/link.go:123.17,126.4 2 0
github.com/pehks1980/go_gb_be1_kurs/web-link/internal/app/endpoint/link.go:131.31,134.4 2 0
github.com/pehks1980/go_gb_be1_kurs/web-link/internal/app/endpoint/link.go:137.17,140.4 2 0
github.com/pehks1980/go_gb_be1_kurs/web-link/internal/app/endpoint/link.go:143.17,146.4 2 0
github.com/pehks1980/go_gb_be1_kurs/web-link/internal/app/endpoint/link.go:153.75,154.60 1 1
github.com/pehks1980/go_gb_be1_kurs/web-link/internal/app/endpoint/link.go:154.60,160.18 4 0
github.com/pehks1980/go_gb_be1_kurs/web-link/internal/app/endpoint/link.go:165.3,166.18 2 0
github.com/pehks1980/go_gb_be1_kurs/web-link/internal/app/endpoint/link.go:170.3,171.18 2 0
github.com/pehks1980/go_gb_be1_kurs/web-link/internal/app/endpoint/link.go:176.3,176.9 1 0
github.com/pehks1980/go_gb_be1_kurs/web-link/internal/app/endpoint/link.go:160.18,163.4 2 0
github.com/pehks1980/go_gb_be1_kurs/web-link/internal/app/endpoint/link.go:166.18,169.4 2 0
github.com/pehks1980/go_gb_be1_kurs/web-link/internal/app/endpoint/link.go:171.18,174.4 2 0
github.com/pehks1980/go_gb_be1_kurs/web-link/internal/app/endpoint/link.go:181.72,182.60 1 1
github.com/pehks1980/go_gb_be1_kurs/web-link/internal/app/endpoint/link.go:182.60,189.18 5 0
github.com/pehks1980/go_gb_be1_kurs/web-link/internal/app/endpoint/link.go:197.3,198.17 2 0
github.com/pehks1980/go_gb_be1_kurs/web-link/internal/app/endpoint/link.go:203.3,207.17 5 0
github.com/pehks1980/go_gb_be1_kurs/web-link/internal/app/endpoint/link.go:189.18,192.26 3 0
github.com/pehks1980/go_gb_be1_kurs/web-link/internal/app/endpoint/link.go:192.26,194.5 1 0
github.com/pehks1980/go_gb_be1_kurs/web-link/internal/app/endpoint/link.go:198.17,201.4 2 0
github.com/pehks1980/go_gb_be1_kurs/web-link/internal/app/endpoint/link.go:207.17,209.4 1 0
github.com/pehks1980/go_gb_be1_kurs/web-link/internal/app/endpoint/link.go:215.73,216.60 1 1
github.com/pehks1980/go_gb_be1_kurs/web-link/internal/app/endpoint/link.go:216.60,219.40 2 0
github.com/pehks1980/go_gb_be1_kurs/web-link/internal/app/endpoint/link.go:224.3,227.17 3 0
github.com/pehks1980/go_gb_be1_kurs/web-link/internal/app/endpoint/link.go:232.3,238.18 5 0
github.com/pehks1980/go_gb_be1_kurs/web-link/internal/app/endpoint/link.go:242.3,243.31 2 0
github.com/pehks1980/go_gb_be1_kurs/web-link/internal/app/endpoint/link.go:219.40,222.4 2 0
github.com/pehks1980/go_gb_be1_kurs/web-link/internal/app/endpoint/link.go:227.17,230.4 2 0
github.com/pehks1980/go_gb_be1_kurs/web-link/internal/app/endpoint/link.go:238.18,241.4 2 0
github.com/pehks1980/go_gb_be1_kurs/web-link/internal/app/endpoint/link.go:248.77,249.60 1 1
github.com/pehks1980/go_gb_be1_kurs/web-link/internal/app/endpoint/link.go:249.60,279.17 10 1
github.com/pehks1980/go_gb_be1_kurs/web-link/internal/app/endpoint/link.go:279.17,281.4 1 0
github.com/pehks1980/go_gb_be1_kurs/web-link/internal/app/endpoint/link.go:287.69,288.60 1 1
github.com/pehks1980/go_gb_be1_kurs/web-link/internal/app/endpoint/link.go:288.60,291.40 2 1
github.com/pehks1980/go_gb_be1_kurs/web-link/internal/app/endpoint/link.go:296.3,303.19 3 1
github.com/pehks1980/go_gb_be1_kurs/web-link/internal/app/endpoint/link.go:341.3,348.17 4 1
github.com/pehks1980/go_gb_be1_kurs/web-link/internal/app/endpoint/link.go:353.3,353.27 1 1
github.com/pehks1980/go_gb_be1_kurs/web-link/internal/app/endpoint/link.go:358.3,362.19 3 1
github.com/pehks1980/go_gb_be1_kurs/web-link/internal/app/endpoint/link.go:394.3,405.17 7 1
github.com/pehks1980/go_gb_be1_kurs/web-link/internal/app/endpoint/link.go:410.3,410.9 1 1
github.com/pehks1980/go_gb_be1_kurs/web-link/internal/app/endpoint/link.go:291.40,294.4 2 0
github.com/pehks1980/go_gb_be1_kurs/web-link/internal/app/endpoint/link.go:303.19,308.18 3 0
github.com/pehks1980/go_gb_be1_kurs/web-link/internal/app/endpoint/link.go:312.4,315.32 3 0
github.com/pehks1980/go_gb_be1_kurs/web-link/internal/app/endpoint/link.go:320.4,332.18 7 0
github.com/pehks1980/go_gb_be1_kurs/web-link/internal/app/endpoint/link.go:337.4,337.10 1 0
github.com/pehks1980/go_gb_be1_kurs/web-link/internal/app/endpoint/link.go:308.18,311.5 2 0
github.com/pehks1980/go_gb_be1_kurs/web-link/internal/app/endpoint/link.go:315.32,319.5 3 0
github.com/pehks1980/go_gb_be1_kurs/web-link/internal/app/endpoint/link.go:332.18,335.5 2 0
github.com/pehks1980/go_gb_be1_kurs/web-link/internal/app/endpoint/link.go:348.17,351.4 2 0
github.com/pehks1980/go_gb_be1_kurs/web-link/internal/app/endpoint/link.go:353.27,356.4 2 0
github.com/pehks1980/go_gb_be1_kurs/web-link/internal/app/endpoint/link.go:362.19,366.19 2 0
github.com/pehks1980/go_gb_be1_kurs/web-link/internal/app/endpoint/link.go:372.4,372.23 1 0
github.com/pehks1980/go_gb_be1_kurs/web-link/internal/app/endpoint/link.go:383.4,386.19 3 0
github.com/pehks1980/go_gb_be1_kurs/web-link/internal/app/endpoint/link.go:391.4,391.49 1 0
github.com/pehks1980/go_gb_be1_kurs/web-link/internal/app/endpoint/link.go:366.19,370.5 3 0
github.com/pehks1980/go_gb_be1_kurs/web-link/internal/app/endpoint/link.go:372.23,381.5 1 0
github.com/pehks1980/go_gb_be1_kurs/web-link/internal/app/endpoint/link.go:386.19,389.5 2 0
github.com/pehks1980/go_gb_be1_kurs/web-link/internal/app/endpoint/link.go:405.17,408.4 2 0
github.com/pehks1980/go_gb_be1_kurs/web-link/internal/app/endpoint/link.go:416.52,417.60 1 1
github.com/pehks1980/go_gb_be1_kurs/web-link/internal/app/endpoint/link.go:417.60,426.19 6 1
github.com/pehks1980/go_gb_be1_kurs/web-link/internal/app/endpoint/link.go:441.3,441.20 1 1
github.com/pehks1980/go_gb_be1_kurs/web-link/internal/app/endpoint/link.go:447.3,448.17 2 1
github.com/pehks1980/go_gb_be1_kurs/web-link/internal/app/endpoint/link.go:426.19,432.19 4 0
github.com/pehks1980/go_gb_be1_kurs/web-link/internal/app/endpoint/link.go:432.19,438.5 4 0
github.com/pehks1980/go_gb_be1_kurs/web-link/internal/app/endpoint/link.go:441.20,444.4 2 0
github.com/pehks1980/go_gb_be1_kurs/web-link/internal/app/endpoint/link.go:448.17,451.4 2 0
github.com/pehks1980/go_gb_be1_kurs/web-link/internal/app/endpoint/link.go:457.50,458.60 1 1
github.com/pehks1980/go_gb_be1_kurs/web-link/internal/app/endpoint/link.go:458.60,461.40 2 1
github.com/pehks1980/go_gb_be1_kurs/web-link/internal/app/endpoint/link.go:466.3,475.19 7 1
github.com/pehks1980/go_gb_be1_kurs/web-link/internal/app/endpoint/link.go:492.3,492.20 1 1
github.com/pehks1980/go_gb_be1_kurs/web-link/internal/app/endpoint/link.go:497.3,500.17 3 1
github.com/pehks1980/go_gb_be1_kurs/web-link/internal/app/endpoint/link.go:504.3,509.17 5 1
github.com/pehks1980/go_gb_be1_kurs/web-link/internal/app/endpoint/link.go:513.3,514.17 2 1
github.com/pehks1980/go_gb_be1_kurs/web-link/internal/app/endpoint/link.go:517.3,517.9 1 1
github.com/pehks1980/go_gb_be1_kurs/web-link/internal/app/endpoint/link.go:461.40,464.4 2 0
github.com/pehks1980/go_gb_be1_kurs/web-link/internal/app/endpoint/link.go:475.19,483.19 6 0
github.com/pehks1980/go_gb_be1_kurs/web-link/internal/app/endpoint/link.go:483.19,489.5 3 0
github.com/pehks1980/go_gb_be1_kurs/web-link/internal/app/endpoint/link.go:492.20,495.4 2 0
github.com/pehks1980/go_gb_be1_kurs/web-link/internal/app/endpoint/link.go:500.17,503.4 2 0
github.com/pehks1980/go_gb_be1_kurs/web-link/internal/app/endpoint/link.go:509.17,511.4 1 0
github.com/pehks1980/go_gb_be1_kurs/web-link/internal/app/endpoint/link.go:514.17,516.4 1 0
github.com/pehks1980/go_gb_be1_kurs/web-link/internal/app/endpoint/link.go:522.51,523.60 1 1
github.com/pehks1980/go_gb_be1_kurs/web-link/internal/app/endpoint/link.go:523.60,526.40 2 1
github.com/pehks1980/go_gb_be1_kurs/web-link/internal/app/endpoint/link.go:531.3,532.17 2 1
github.com/pehks1980/go_gb_be1_kurs/web-link/internal/app/endpoint/link.go:537.3,539.19 2 1
github.com/pehks1980/go_gb_be1_kurs/web-link/internal/app/endpoint/link.go:566.3,571.17 4 1
github.com/pehks1980/go_gb_be1_kurs/web-link/internal/app/endpoint/link.go:576.3,576.29 1 1
github.com/pehks1980/go_gb_be1_kurs/web-link/internal/app/endpoint/link.go:581.3,583.42 2 1
github.com/pehks1980/go_gb_be1_kurs/web-link/internal/app/endpoint/link.go:589.3,592.17 4 1
github.com/pehks1980/go_gb_be1_kurs/web-link/internal/app/endpoint/link.go:597.3,599.17 3 1
github.com/pehks1980/go_gb_be1_kurs/web-link/internal/app/endpoint/link.go:602.3,602.9 1 1
github.com/pehks1980/go_gb_be1_kurs/web-link/internal/app/endpoint/link.go:526.40,529.4 2 0
github.com/pehks1980/go_gb_be1_kurs/web-link/internal/app/endpoint/link.go:532.17,535.4 2 0
github.com/pehks1980/go_gb_be1_kurs/web-link/internal/app/endpoint/link.go:539.19,543.19 2 0
github.com/pehks1980/go_gb_be1_kurs/web-link/internal/app/endpoint/link.go:547.4,547.58 1 0
github.com/pehks1980/go_gb_be1_kurs/web-link/internal/app/endpoint/link.go:543.19,545.5 1 0
github.com/pehks1980/go_gb_be1_kurs/web-link/internal/app/endpoint/link.go:547.58,550.20 2 0
github.com/pehks1980/go_gb_be1_kurs/web-link/internal/app/endpoint/link.go:554.5,555.20 2 0
github.com/pehks1980/go_gb_be1_kurs/web-link/internal/app/endpoint/link.go:550.20,552.6 1 0
github.com/pehks1980/go_gb_be1_kurs/web-link/internal/app/endpoint/link.go:555.20,557.6 1 0
github.com/pehks1980/go_gb_be1_kurs/web-link/internal/app/endpoint/link.go:558.10,562.5 3 0
github.com/pehks1980/go_gb_be1_kurs/web-link/internal/app/endpoint/link.go:571.17,574.4 2 0
github.com/pehks1980/go_gb_be1_kurs/web-link/internal/app/endpoint/link.go:576.29,579.4 2 0
github.com/pehks1980/go_gb_be1_kurs/web-link/internal/app/endpoint/link.go:583.42,584.38 1 0
github.com/pehks1980/go_gb_be1_kurs/web-link/internal/app/endpoint/link.go:584.38,587.5 2 0
github.com/pehks1980/go_gb_be1_kurs/web-link/internal/app/endpoint/link.go:592.17,595.4 2 0
github.com/pehks1980/go_gb_be1_kurs/web-link/internal/app/endpoint/link.go:599.17,601.4 1 0
github.com/pehks1980/go_gb_be1_kurs/web-link/internal/app/endpoint/link.go:608.52,609.60 1 1
github.com/pehks1980/go_gb_be1_kurs/web-link/internal/app/endpoint/link.go:609.60,615.17 4 1
github.com/pehks1980/go_gb_be1_kurs/web-link/internal/app/endpoint/link.go:620.3,620.42 1 1
github.com/pehks1980/go_gb_be1_kurs/web-link/internal/app/endpoint/link.go:632.3,632.49 1 1
github.com/pehks1980/go_gb_be1_kurs/web-link/internal/app/endpoint/link.go:636.3,638.19 2 1
github.com/pehks1980/go_gb_be1_kurs/web-link/internal/app/endpoint/link.go:664.3,665.17 2 1
github.com/pehks1980/go_gb_be1_kurs/web-link/internal/app/endpoint/link.go:615.17,618.4 2 0
github.com/pehks1980/go_gb_be1_kurs/web-link/internal/app/endpoint/link.go:620.42,622.21 2 1
github.com/pehks1980/go_gb_be1_kurs/web-link/internal/app/endpoint/link.go:628.4,628.53 1 1
github.com/pehks1980/go_gb_be1_kurs/web-link/internal/app/endpoint/link.go:622.21,626.5 2 0
github.com/pehks1980/go_gb_be1_kurs/web-link/internal/app/endpoint/link.go:632.49,634.4 1 0
github.com/pehks1980/go_gb_be1_kurs/web-link/internal/app/endpoint/link.go:638.19,642.19 2 0
github.com/pehks1980/go_gb_be1_kurs/web-link/internal/app/endpoint/link.go:647.4,647.55 1 0
github.com/pehks1980/go_gb_be1_kurs/web-link/internal/app/endpoint/link.go:642.19,646.5 2 0
github.com/pehks1980/go_gb_be1_kurs/web-link/internal/app/endpoint/link.go:647.55,650.20 2 0
github.com/pehks1980/go_gb_be1_kurs/web-link/internal/app/endpoint/link.go:654.5,655.20 2 0
github.com/pehks1980/go_gb_be1_kurs/web-link/internal/app/endpoint/link.go:660.5,660.11 1 0
github.com/pehks1980/go_gb_be1_kurs/web-link/internal/app/endpoint/link.go:650.20,653.6 1 0
github.com/pehks1980/go_gb_be1_kurs/web-link/internal/app/endpoint/link.go:655.20,658.6 1 0
github.com/pehks1980/go_gb_be1_kurs/web-link/internal/app/endpoint/link.go:665.17,668.4 1 0
github.com/pehks1980/go_gb_be1_kurs/web-link/internal/app/endpoint/link.go:674.53,675.60 1 1
github.com/pehks1980/go_gb_be1_kurs/web-link/internal/app/endpoint/link.go:675.60,680.19 3 0
github.com/pehks1980/go_gb_be1_kurs/web-link/internal/app/endpoint/link.go:710.3,711.11 2 0
github.com/pehks1980/go_gb_be1_kurs/web-link/internal/app/endpoint/link.go:716.3,717.17 2 0
github.com/pehks1980/go_gb_be1_kurs/web-link/internal/app/endpoint/link.go:722.3,725.17 4 0
github.com/pehks1980/go_gb_be1_kurs/web-link/internal/app/endpoint/link.go:680.19,685.19 4 0
github.com/pehks1980/go_gb_be1_kurs/web-link/internal/app/endpoint/link.go:685.19,691.19 4 0
github.com/pehks1980/go_gb_be1_kurs/web-link/internal/app/endpoint/link.go:696.5,699.19 4 0
github.com/pehks1980/go_gb_be1_kurs/web-link/internal/app/endpoint/link.go:703.5,703.11 1 0
github.com/pehks1980/go_gb_be1_kurs/web-link/internal/app/endpoint/link.go:691.19,694.6 2 0
github.com/pehks1980/go_gb_be1_kurs/web-link/internal/app/endpoint/link.go:699.19,701.6 1 0
github.com/pehks1980/go_gb_be1_kurs/web-link/internal/app/endpoint/link.go:711.11,714.4 2 0
github.com/pehks1980/go_gb_be1_kurs/web-link/internal/app/endpoint/link.go:717.17,720.4 2 0
github.com/pehks1980/go_gb_be1_kurs/web-link/internal/app/endpoint/link.go:725.17,727.4 1 0
github.com/pehks1980/go_gb_be1_kurs/web-link/internal/app/endpoint/link.go:732.53,733.60 1 1
github.com/pehks1980/go_gb_be1_kurs/web-link/internal/app/endpoint/link.go:733.60,742.17 4 1
github.com/pehks1980/go_gb_be1_kurs/web-link/internal/app/endpoint/link.go:746.3,746.16 1 1
github.com/pehks1980/go_gb_be1_kurs/web-link/internal/app/endpoint/link.go:751.3,753.19 2 1
github.com/pehks1980/go_gb_be1_kurs/web-link/internal/app/endpoint/link.go:810.3,812.9 2 1
github.com/pehks1980/go_gb_be1_kurs/web-link/internal/app/endpoint/link.go:742.17,745.4 2 0
github.com/pehks1980/go_gb_be1_kurs/web-link/internal/app/endpoint/link.go:746.16,749.4 2 0
github.com/pehks1980/go_gb_be1_kurs/web-link/internal/app/endpoint/link.go:753.19,767.19 6 0
github.com/pehks1980/go_gb_be1_kurs/web-link/internal/app/endpoint/link.go:771.4,771.27 1 0
github.com/pehks1980/go_gb_be1_kurs/web-link/internal/app/endpoint/link.go:794.4,801.18 4 0
github.com/pehks1980/go_gb_be1_kurs/web-link/internal/app/endpoint/link.go:805.4,805.10 1 0
github.com/pehks1980/go_gb_be1_kurs/web-link/internal/app/endpoint/link.go:767.19,769.5 1 0
github.com/pehks1980/go_gb_be1_kurs/web-link/internal/app/endpoint/link.go:771.27,775.42 3 0
github.com/pehks1980/go_gb_be1_kurs/web-link/internal/app/endpoint/link.go:780.5,781.20 2 0
github.com/pehks1980/go_gb_be1_kurs/web-link/internal/app/endpoint/link.go:785.5,786.20 2 0
github.com/pehks1980/go_gb_be1_kurs/web-link/internal/app/endpoint/link.go:775.42,778.6 2 0
github.com/pehks1980/go_gb_be1_kurs/web-link/internal/app/endpoint/link.go:781.20,783.6 1 0
github.com/pehks1980/go_gb_be1_kurs/web-link/internal/app/endpoint/link.go:786.20,788.6 1 0
github.com/pehks1980/go_gb_be1_kurs/web-link/internal/app/endpoint/link.go:790.10,792.5 1 0
github.com/pehks1980/go_gb_be1_kurs/web-link/internal/app/endpoint/link.go:801.18,804.5 2 0
github.com/pehks1980/go_gb_be1_kurs/web-link/internal/app/endpoint/api-error.go:43.71,52.2 6 1
github.com/pehks1980/go_gb_be1_kurs/web-link/internal/app/endpoint/link-middle.go:19.56,20.71 1 1
github.com/pehks1980/go_gb_be1_kurs/web-link/internal/app/endpoint/link-middle.go:20.71,41.3 5 1
github.com/pehks1980/go_gb_be1_kurs/web-link/internal/app/endpoint/link-middle.go:46.70,57.20 5 1
github.com/pehks1980/go_gb_be1_kurs/web-link/internal/app/endpoint/link-middle.go:64.2,74.16 4 1
github.com/pehks1980/go_gb_be1_kurs/web-link/internal/app/endpoint/link-middle.go:78.2,78.16 1 1
github.com/pehks1980/go_gb_be1_kurs/web-link/internal/app/endpoint/link-middle.go:57.20,61.3 2 1
github.com/pehks1980/go_gb_be1_kurs/web-link/internal/app/endpoint/link-middle.go:74.16,76.3 1 0
github.com/pehks1980/go_gb_be1_kurs/web-link/internal/app/endpoint/link-middle.go:83.57,84.71 1 1
github.com/pehks1980/go_gb_be1_kurs/web-link/internal/app/endpoint/link-middle.go:84.71,86.35 1 1
github.com/pehks1980/go_gb_be1_kurs/web-link/internal/app/endpoint/link-middle.go:91.3,91.39 1 1
github.com/pehks1980/go_gb_be1_kurs/web-link/internal/app/endpoint/link-middle.go:97.3,98.19 2 1
github.com/pehks1980/go_gb_be1_kurs/web-link/internal/app/endpoint/link-middle.go:109.3,111.27 2 1
github.com/pehks1980/go_gb_be1_kurs/web-link/internal/app/endpoint/link-middle.go:117.3,118.81 2 1
github.com/pehks1980/go_gb_be1_kurs/web-link/internal/app/endpoint/link-middle.go:126.3,126.18 1 1
github.com/pehks1980/go_gb_be1_kurs/web-link/internal/app/endpoint/link-middle.go:163.3,163.50 1 0
github.com/pehks1980/go_gb_be1_kurs/web-link/internal/app/endpoint/link-middle.go:86.35,90.4 2 1
github.com/pehks1980/go_gb_be1_kurs/web-link/internal/app/endpoint/link-middle.go:91.39,95.4 2 0
github.com/pehks1980/go_gb_be1_kurs/web-link/internal/app/endpoint/link-middle.go:98.19,102.21 3 0
github.com/pehks1980/go_gb_be1_kurs/web-link/internal/app/endpoint/link-middle.go:102.21,106.5 2 0
github.com/pehks1980/go_gb_be1_kurs/web-link/internal/app/endpoint/link-middle.go:111.27,114.4 2 0
github.com/pehks1980/go_gb_be1_kurs/web-link/internal/app/endpoint/link-middle.go:118.81,119.59 1 1
github.com/pehks1980/go_gb_be1_kurs/web-link/internal/app/endpoint/link-middle.go:122.4,123.33 2 1
github.com/pehks1980/go_gb_be1_kurs/web-link/internal/app/endpoint/link-middle.go:119.59,121.5 1 0
github.com/pehks1980/go_gb_be1_kurs/web-link/internal/app/endpoint/link-middle.go:126.18,127.69 1 1
github.com/pehks1980/go_gb_be1_kurs/web-link/internal/app/endpoint/link-middle.go:127.69,130.41 2 1
github.com/pehks1980/go_gb_be1_kurs/web-link/internal/app/endpoint/link-middle.go:130.41,133.33 2 1
github.com/pehks1980/go_gb_be1_kurs/web-link/internal/app/endpoint/link-middle.go:133.33,136.7 2 1
github.com/pehks1980/go_gb_be1_kurs/web-link/internal/app/endpoint/link-middle.go:137.11,141.34 2 1
github.com/pehks1980/go_gb_be1_kurs/web-link/internal/app/endpoint/link-middle.go:145.6,146.12 2 1
github.com/pehks1980/go_gb_be1_kurs/web-link/internal/app/endpoint/link-middle.go:141.34,144.7 2 1
github.com/pehks1980/go_gb_be1_kurs/web-link/internal/app/endpoint/link-middle.go:149.10,153.5 3 0
github.com/pehks1980/go_gb_be1_kurs/web-link/internal/app/endpoint/link-middle.go:155.9,155.54 1 0
github.com/pehks1980/go_gb_be1_kurs/web-link/internal/app/endpoint/link-middle.go:155.54,156.82 1 0
github.com/pehks1980/go_gb_be1_kurs/web-link/internal/app/endpoint/link-middle.go:156.82,160.5 3 0
github.com/pehks1980/go_gb_be1_kurs/web-link/internal/pkg/repository/file.go:36.56,38.2 1 0
github.com/pehks1980/go_gb_be1_kurs/web-link/internal/pkg/repository/file.go:49.63,51.2 1 0
github.com/pehks1980/go_gb_be1_kurs/web-link/internal/pkg/repository/file.go:54.37,56.2 1 0
github.com/pehks1980/go_gb_be1_kurs/web-link/internal/pkg/repository/file.go:59.49,68.45 2 1
github.com/pehks1980/go_gb_be1_kurs/web-link/internal/pkg/repository/file.go:76.2,76.17 1 1
github.com/pehks1980/go_gb_be1_kurs/web-link/internal/pkg/repository/file.go:68.45,71.17 2 0
github.com/pehks1980/go_gb_be1_kurs/web-link/internal/pkg/repository/file.go:71.17,73.4 1 0
github.com/pehks1980/go_gb_be1_kurs/web-link/internal/pkg/repository/file.go:80.43,85.36 2 1
github.com/pehks1980/go_gb_be1_kurs/web-link/internal/pkg/repository/file.go:92.2,95.16 3 1
github.com/pehks1980/go_gb_be1_kurs/web-link/internal/pkg/repository/file.go:99.2,99.12 1 1
github.com/pehks1980/go_gb_be1_kurs/web-link/internal/pkg/repository/file.go:85.36,87.24 1 1
github.com/pehks1980/go_gb_be1_kurs/web-link/internal/pkg/repository/file.go:87.24,89.4 1 1
github.com/pehks1980/go_gb_be1_kurs/web-link/internal/pkg/repository/file.go:95.16,97.3 1 0
github.com/pehks1980/go_gb_be1_kurs/web-link/internal/pkg/repository/file.go:103.52,110.16 4 0
github.com/pehks1980/go_gb_be1_kurs/web-link/internal/pkg/repository/file.go:116.2,116.15 1 0
github.com/pehks1980/go_gb_be1_kurs/web-link/internal/pkg/repository/file.go:124.2,130.16 4 0
github.com/pehks1980/go_gb_be1_kurs/web-link/internal/pkg/repository/file.go:136.2,136.44 1 0
github.com/pehks1980/go_gb_be1_kurs/web-link/internal/pkg/repository/file.go:141.2,141.12 1 0
github.com/pehks1980/go_gb_be1_kurs/web-link/internal/pkg/repository/file.go:110.16,113.3 2 0
github.com/pehks1980/go_gb_be1_kurs/web-link/internal/pkg/repository/file.go:116.15,118.18 2 0
github.com/pehks1980/go_gb_be1_kurs/web-link/internal/pkg/repository/file.go:118.18,120.4 1 0
github.com/pehks1980/go_gb_be1_kurs/web-link/internal/pkg/repository/file.go:130.16,132.3 1 0
github.com/pehks1980/go_gb_be1_kurs/web-link/internal/pkg/repository/file.go:136.44,139.3 2 0
github.com/pehks1980/go_gb_be1_kurs/web-link/internal/pkg/repository/file.go:146.73,152.40 4 1
github.com/pehks1980/go_gb_be1_kurs/web-link/internal/pkg/repository/file.go:162.2,163.28 2 0
github.com/pehks1980/go_gb_be1_kurs/web-link/internal/pkg/repository/file.go:152.40,153.25 1 1
github.com/pehks1980/go_gb_be1_kurs/web-link/internal/pkg/repository/file.go:159.3,159.21 1 1
github.com/pehks1980/go_gb_be1_kurs/web-link/internal/pkg/repository/file.go:153.25,157.4 2 0
github.com/pehks1980/go_gb_be1_kurs/web-link/internal/pkg/repository/file.go:168.61,173.39 3 1
github.com/pehks1980/go_gb_be1_kurs/web-link/internal/pkg/repository/file.go:196.2,197.16 2 0
github.com/pehks1980/go_gb_be1_kurs/web-link/internal/pkg/repository/file.go:173.39,177.27 2 1
github.com/pehks1980/go_gb_be1_kurs/web-link/internal/pkg/repository/file.go:177.27,179.26 1 1
github.com/pehks1980/go_gb_be1_kurs/web-link/internal/pkg/repository/file.go:185.4,189.18 4 1
github.com/pehks1980/go_gb_be1_kurs/web-link/internal/pkg/repository/file.go:192.4,192.26 1 1
github.com/pehks1980/go_gb_be1_kurs/web-link/internal/pkg/repository/file.go:179.26,183.5 2 0
github.com/pehks1980/go_gb_be1_kurs/web-link/internal/pkg/repository/file.go:189.18,191.5 1 0
github.com/pehks1980/go_gb_be1_kurs/web-link/internal/pkg/repository/file.go:201.77,214.16 6 1
github.com/pehks1980/go_gb_be1_kurs/web-link/internal/pkg/repository/file.go:217.2,217.12 1 1
github.com/pehks1980/go_gb_be1_kurs/web-link/internal/pkg/repository/file.go:214.16,216.3 1 0
github.com/pehks1980/go_gb_be1_kurs/web-link/internal/pkg/repository/file.go:221.57,225.40 4 1
github.com/pehks1980/go_gb_be1_kurs/web-link/internal/pkg/repository/file.go:235.2,236.12 2 0
github.com/pehks1980/go_gb_be1_kurs/web-link/internal/pkg/repository/file.go:225.40,230.17 4 1
github.com/pehks1980/go_gb_be1_kurs/web-link/internal/pkg/repository/file.go:233.3,233.13 1 1
github.com/pehks1980/go_gb_be1_kurs/web-link/internal/pkg/repository/file.go:230.17,232.4 1 0
github.com/pehks1980/go_gb_be1_kurs/web-link/internal/pkg/repository/file.go:240.56,246.34 4 1
github.com/pehks1980/go_gb_be1_kurs/web-link/internal/pkg/repository/file.go:251.2,251.18 1 1
github.com/pehks1980/go_gb_be1_kurs/web-link/internal/pkg/repository/file.go:246.34,247.40 1 1
github.com/pehks1980/go_gb_be1_kurs/web-link/internal/pkg/repository/file.go:247.40,249.4 1 1
github.com/pehks1980/go_gb_be1_kurs/web-link/internal/pkg/repository/file.go:255.50,257.2 1 0
github.com/pehks1980/go_gb_be1_kurs/web-link/internal/pkg/repository/file.go:260.62,262.2 1 0
github.com/pehks1980/go_gb_be1_kurs/web-link/internal/pkg/repository/file.go:265.53,267.2 1 0
github.com/pehks1980/go_gb_be1_kurs/web-link/internal/pkg/repository/file.go:270.63,272.2 1 0
github.com/pehks1980/go_gb_be1_kurs/web-link/internal/pkg/repository/file.go:275.47,277.2 1 0
github.com/pehks1980/go_gb_be1_kurs/web-link/internal/pkg/repository/file.go:280.61,282.2 1 0
github.com/pehks1980/go_gb_be1_kurs/web-link/internal/pkg/repository/file.go:285.63,287.2 1 0
github.com/pehks1980/go_gb_be1_kurs/web-link/internal/pkg/repository/file.go:290.34,292.2 0 0
github.com/pehks1980/go_gb_be1_kurs/web-link/internal/pkg/repository/postgres.go:72.55,74.83 1 0
github.com/pehks1980/go_gb_be1_kurs/web-link/internal/pkg/repository/postgres.go:118.2,119.16 2 0
github.com/pehks1980/go_gb_be1_kurs/web-link/internal/pkg/repository/postgres.go:124.2,125.31 2 0
github.com/pehks1980/go_gb_be1_kurs/web-link/internal/pkg/repository/postgres.go:148.2,148.22 1 0
github.com/pehks1980/go_gb_be1_kurs/web-link/internal/pkg/repository/postgres.go:74.83,81.17 3 0
github.com/pehks1980/go_gb_be1_kurs/web-link/internal/pkg/repository/postgres.go:84.3,88.19 3 0
github.com/pehks1980/go_gb_be1_kurs/web-link/internal/pkg/repository/postgres.go:111.3,111.24 1 0
github.com/pehks1980/go_gb_be1_kurs/web-link/internal/pkg/repository/postgres.go:115.3,115.20 1 0
github.com/pehks1980/go_gb_be1_kurs/web-link/internal/pkg/repository/postgres.go:81.17,83.4 1 0
github.com/pehks1980/go_gb_be1_kurs/web-link/internal/pkg/repository/postgres.go:88.19,104.18 3 0
github.com/pehks1980/go_gb_be1_kurs/web-link/internal/pkg/repository/postgres.go:108.4,108.31 1 0
github.com/pehks1980/go_gb_be1_kurs/web-link/internal/pkg/repository/postgres.go:104.18,106.5 1 0
github.com/pehks1980/go_gb_be1_kurs/web-link/internal/pkg/repository/postgres.go:111.24,113.4 1 0
github.com/pehks1980/go_gb_be1_kurs/web-link/internal/pkg/repository/postgres.go:119.16,121.3 1 0
github.com/pehks1980/go_gb_be1_kurs/web-link/internal/pkg/repository/postgres.go:125.31,147.3 2 0
github.com/pehks1980/go_gb_be1_kurs/web-link/internal/pkg/repository/postgres.go:152.66,166.16 4 0
github.com/pehks1980/go_gb_be1_kurs/web-link/internal/pkg/repository/postgres.go:170.2,172.18 2 0
github.com/pehks1980/go_gb_be1_kurs/web-link/internal/pkg/repository/postgres.go:179.2,179.23 1 0
github.com/pehks1980/go_gb_be1_kurs/web-link/internal/pkg/repository/postgres.go:183.2,183.66 1 0
github.com/pehks1980/go_gb_be1_kurs/web-link/internal/pkg/repository/postgres.go:198.2,198.16 1 0
github.com/pehks1980/go_gb_be1_kurs/web-link/internal/pkg/repository/postgres.go:166.16,168.3 1 0
github.com/pehks1980/go_gb_be1_kurs/web-link/internal/pkg/repository/postgres.go:172.18,174.17 2 0
github.com/pehks1980/go_gb_be1_kurs/web-link/internal/pkg/repository/postgres.go:174.17,176.4 1 0
github.com/pehks1980/go_gb_be1_kurs/web-link/internal/pkg/repository/postgres.go:179.23,181.3 1 0
github.com/pehks1980/go_gb_be1_kurs/web-link/internal/pkg/repository/postgres.go:183.66,191.17 3 0
github.com/pehks1980/go_gb_be1_kurs/web-link/internal/pkg/repository/postgres.go:195.3,195.23 1 0
github.com/pehks1980/go_gb_be1_kurs/web-link/internal/pkg/repository/postgres.go:191.17,193.4 1 0
github.com/pehks1980/go_gb_be1_kurs/web-link/internal/pkg/repository/postgres.go:202.36,204.2 1 0
github.com/pehks1980/go_gb_be1_kurs/web-link/internal/pkg/repository/postgres.go:207.32,209.2 1 1
github.com/pehks1980/go_gb_be1_kurs/web-link/internal/pkg/repository/postgres.go:212.48,217.16 4 1
github.com/pehks1980/go_gb_be1_kurs/web-link/internal/pkg/repository/postgres.go:221.2,246.16 9 1
github.com/pehks1980/go_gb_be1_kurs/web-link/internal/pkg/repository/postgres.go:250.2,253.3 1 1
github.com/pehks1980/go_gb_be1_kurs/web-link/internal/pkg/repository/postgres.go:217.16,219.3 1 0
github.com/pehks1980/go_gb_be1_kurs/web-link/internal/pkg/repository/postgres.go:246.16,248.3 1 0
github.com/pehks1980/go_gb_be1_kurs/web-link/internal/pkg/repository/postgres.go:259.72,261.108 1 1
github.com/pehks1980/go_gb_be1_kurs/web-link/internal/pkg/repository/postgres.go:309.2,312.17 4 1
github.com/pehks1980/go_gb_be1_kurs/web-link/internal/pkg/repository/postgres.go:318.2,318.16 1 1
github.com/pehks1980/go_gb_be1_kurs/web-link/internal/pkg/repository/postgres.go:323.2,324.23 2 1
github.com/pehks1980/go_gb_be1_kurs/web-link/internal/pkg/repository/postgres.go:328.2,333.34 1 1
github.com/pehks1980/go_gb_be1_kurs/web-link/internal/pkg/repository/postgres.go:261.108,273.9 5 1
github.com/pehks1980/go_gb_be1_kurs/web-link/internal/pkg/repository/postgres.go:279.3,281.17 2 1
github.com/pehks1980/go_gb_be1_kurs/web-link/internal/pkg/repository/postgres.go:284.3,286.19 2 1
github.com/pehks1980/go_gb_be1_kurs/web-link/internal/pkg/repository/postgres.go:302.3,302.24 1 1
github.com/pehks1980/go_gb_be1_kurs/web-link/internal/pkg/repository/postgres.go:306.3,306.23 1 1
github.com/pehks1980/go_gb_be1_kurs/web-link/internal/pkg/repository/postgres.go:273.9,275.4 1 0
github.com/pehks1980/go_gb_be1_kurs/web-link/internal/pkg/repository/postgres.go:275.9,277.4 1 1
github.com/pehks1980/go_gb_be1_kurs/web-link/internal/pkg/repository/postgres.go:281.17,283.4 1 0
github.com/pehks1980/go_gb_be1_kurs/web-link/internal/pkg/repository/postgres.go:286.19,297.18 2 1
github.com/pehks1980/go_gb_be1_kurs/web-link/internal/pkg/repository/postgres.go:297.18,299.5 1 0
github.com/pehks1980/go_gb_be1_kurs/web-link/internal/pkg/repository/postgres.go:302.24,304.4 1 0
github.com/pehks1980/go_gb_be1_kurs/web-link/internal/pkg/repository/postgres.go:312.17,314.3 1 0
github.com/pehks1980/go_gb_be1_kurs/web-link/internal/pkg/repository/postgres.go:314.8,316.3 1 1
github.com/pehks1980/go_gb_be1_kurs/web-link/internal/pkg/repository/postgres.go:318.16,320.3 1 0
github.com/pehks1980/go_gb_be1_kurs/web-link/internal/pkg/repository/postgres.go:324.23,326.3 1 1
github.com/pehks1980/go_gb_be1_kurs/web-link/internal/pkg/repository/postgres.go:339.76,341.102 1 1
github.com/pehks1980/go_gb_be1_kurs/web-link/internal/pkg/repository/postgres.go:374.2,383.16 3 1
github.com/pehks1980/go_gb_be1_kurs/web-link/internal/pkg/repository/postgres.go:386.2,386.12 1 1
github.com/pehks1980/go_gb_be1_kurs/web-link/internal/pkg/repository/postgres.go:341.102,358.17 3 1
github.com/pehks1980/go_gb_be1_kurs/web-link/internal/pkg/repository/postgres.go:362.3,362.13 1 1
github.com/pehks1980/go_gb_be1_kurs/web-link/internal/pkg/repository/postgres.go:358.17,360.4 1 0
github.com/pehks1980/go_gb_be1_kurs/web-link/internal/pkg/repository/postgres.go:383.16,385.3 1 0
github.com/pehks1980/go_gb_be1_kurs/web-link/internal/pkg/repository/postgres.go:392.56,394.96 1 0
github.com/pehks1980/go_gb_be1_kurs/web-link/internal/pkg/repository/postgres.go:423.2,425.17 3 0
github.com/pehks1980/go_gb_be1_kurs/web-link/internal/pkg/repository/postgres.go:431.2,431.16 1 0
github.com/pehks1980/go_gb_be1_kurs/web-link/internal/pkg/repository/postgres.go:434.2,434.12 1 0
github.com/pehks1980/go_gb_be1_kurs/web-link/internal/pkg/repository/postgres.go:394.96,404.9 4 0
github.com/pehks1980/go_gb_be1_kurs/web-link/internal/pkg/repository/postgres.go:416.3,416.17 1 0
github.com/pehks1980/go_gb_be1_kurs/web-link/internal/pkg/repository/postgres.go:420.3,420.13 1 0
github.com/pehks1980/go_gb_be1_kurs/web-link/internal/pkg/repository/postgres.go:404.9,409.4 1 0
github.com/pehks1980/go_gb_be1_kurs/web-link/internal/pkg/repository/postgres.go:409.9,414.4 1 0
github.com/pehks1980/go_gb_be1_kurs/web-link/internal/pkg/repository/postgres.go:416.17,418.4 1 0
github.com/pehks1980/go_gb_be1_kurs/web-link/internal/pkg/repository/postgres.go:425.17,427.3 1 0
github.com/pehks1980/go_gb_be1_kurs/web-link/internal/pkg/repository/postgres.go:427.8,429.3 1 0
github.com/pehks1980/go_gb_be1_kurs/web-link/internal/pkg/repository/postgres.go:431.16,433.3 1 0
github.com/pehks1980/go_gb_be1_kurs/web-link/internal/pkg/repository/postgres.go:438.55,440.90 1 0
github.com/pehks1980/go_gb_be1_kurs/web-link/internal/pkg/repository/postgres.go:473.2,474.16 2 0
github.com/pehks1980/go_gb_be1_kurs/web-link/internal/pkg/repository/postgres.go:478.2,478.19 1 0
github.com/pehks1980/go_gb_be1_kurs/web-link/internal/pkg/repository/postgres.go:440.90,449.17 4 0
github.com/pehks1980/go_gb_be1_kurs/web-link/internal/pkg/repository/postgres.go:452.3,454.19 2 0
github.com/pehks1980/go_gb_be1_kurs/web-link/internal/pkg/repository/postgres.go:466.3,466.24 1 0
github.com/pehks1980/go_gb_be1_kurs/web-link/internal/pkg/repository/postgres.go:470.3,470.28 1 0
github.com/pehks1980/go_gb_be1_kurs/web-link/internal/pkg/repository/postgres.go:449.17,451.4 1 0
github.com/pehks1980/go_gb_be1_kurs/web-link/internal/pkg/repository/postgres.go:454.19,459.18 3 0
github.com/pehks1980/go_gb_be1_kurs/web-link/internal/pkg/repository/postgres.go:463.4,463.55 1 0
github.com/pehks1980/go_gb_be1_kurs/web-link/internal/pkg/repository/postgres.go:459.18,461.5 1 0
github.com/pehks1980/go_gb_be1_kurs/web-link/internal/pkg/repository/postgres.go:466.24,468.4 1 0
github.com/pehks1980/go_gb_be1_kurs/web-link/internal/pkg/repository/postgres.go:474.16,476.3 1 0
github.com/pehks1980/go_gb_be1_kurs/web-link/internal/pkg/repository/postgres.go:485.89,488.16 2 1
github.com/pehks1980/go_gb_be1_kurs/web-link/internal/pkg/repository/postgres.go:492.2,493.17 2 1
github.com/pehks1980/go_gb_be1_kurs/web-link/internal/pkg/repository/postgres.go:502.2,503.16 2 1
github.com/pehks1980/go_gb_be1_kurs/web-link/internal/pkg/repository/postgres.go:510.2,510.17 1 1
github.com/pehks1980/go_gb_be1_kurs/web-link/internal/pkg/repository/postgres.go:488.16,490.3 1 0
github.com/pehks1980/go_gb_be1_kurs/web-link/internal/pkg/repository/postgres.go:493.17,495.19 2 0
github.com/pehks1980/go_gb_be1_kurs/web-link/internal/pkg/repository/postgres.go:498.3,498.18 1 0
github.com/pehks1980/go_gb_be1_kurs/web-link/internal/pkg/repository/postgres.go:495.19,497.4 1 0
github.com/pehks1980/go_gb_be1_kurs/web-link/internal/pkg/repository/postgres.go:503.16,505.19 2 0
github.com/pehks1980/go_gb_be1_kurs/web-link/internal/pkg/repository/postgres.go:508.3,508.17 1 0
github.com/pehks1980/go_gb_be1_kurs/web-link/internal/pkg/repository/postgres.go:505.19,507.4 1 0
github.com/pehks1980/go_gb_be1_kurs/web-link/internal/pkg/repository/postgres.go:515.60,517.94 1 0
github.com/pehks1980/go_gb_be1_kurs/web-link/internal/pkg/repository/postgres.go:557.2,559.16 2 0
github.com/pehks1980/go_gb_be1_kurs/web-link/internal/pkg/repository/postgres.go:563.2,563.17 1 0
github.com/pehks1980/go_gb_be1_kurs/web-link/internal/pkg/repository/postgres.go:517.94,519.86 1 0
github.com/pehks1980/go_gb_be1_kurs/web-link/internal/pkg/repository/postgres.go:550.3,550.17 1 0
github.com/pehks1980/go_gb_be1_kurs/web-link/internal/pkg/repository/postgres.go:554.3,554.18 1 0
github.com/pehks1980/go_gb_be1_kurs/web-link/internal/pkg/repository/postgres.go:519.86,524.18 3 0
github.com/pehks1980/go_gb_be1_kurs/web-link/internal/pkg/repository/postgres.go:527.4,530.20 3 0
github.com/pehks1980/go_gb_be1_kurs/web-link/internal/pkg/repository/postgres.go:537.4,543.18 3 0
github.com/pehks1980/go_gb_be1_kurs/web-link/internal/pkg/repository/postgres.go:547.4,547.19 1 0
github.com/pehks1980/go_gb_be1_kurs/web-link/internal/pkg/repository/postgres.go:524.18,526.5 1 0
github.com/pehks1980/go_gb_be1_kurs/web-link/internal/pkg/repository/postgres.go:530.20,532.19 2 0
github.com/pehks1980/go_gb_be1_kurs/web-link/internal/pkg/repository/postgres.go:532.19,534.6 1 0
github.com/pehks1980/go_gb_be1_kurs/web-link/internal/pkg/repository/postgres.go:543.18,545.5 1 0
github.com/pehks1980/go_gb_be1_kurs/web-link/internal/pkg/repository/postgres.go:550.17,552.4 1 0
github.com/pehks1980/go_gb_be1_kurs/web-link/internal/pkg/repository/postgres.go:559.16,561.3 1 0
github.com/pehks1980/go_gb_be1_kurs/web-link/internal/pkg/repository/postgres.go:570.35,574.2 3 1
github.com/pehks1980/go_gb_be1_kurs/web-link/internal/pkg/repository/postgres.go:577.62,579.88 1 1
github.com/pehks1980/go_gb_be1_kurs/web-link/internal/pkg/repository/postgres.go:606.2,609.20 4 1
github.com/pehks1980/go_gb_be1_kurs/web-link/internal/pkg/repository/postgres.go:618.2,630.16 3 1
github.com/pehks1980/go_gb_be1_kurs/web-link/internal/pkg/repository/postgres.go:633.2,633.17 1 1
github.com/pehks1980/go_gb_be1_kurs/web-link/internal/pkg/repository/postgres.go:579.88,599.17 4 1
github.com/pehks1980/go_gb_be1_kurs/web-link/internal/pkg/repository/postgres.go:603.3,603.17 1 1
github.com/pehks1980/go_gb_be1_kurs/web-link/internal/pkg/repository/postgres.go:599.17,601.4 1 0
github.com/pehks1980/go_gb_be1_kurs/web-link/internal/pkg/repository/postgres.go:610.14,611.14 1 1
github.com/pehks1980/go_gb_be1_kurs/web-link/internal/pkg/repository/postgres.go:612.17,613.17 1 0
github.com/pehks1980/go_gb_be1_kurs/web-link/internal/pkg/repository/postgres.go:614.19,615.19 1 0
github.com/pehks1980/go_gb_be1_kurs/web-link/internal/pkg/repository/postgres.go:630.16,632.3 1 0
github.com/pehks1980/go_gb_be1_kurs/web-link/internal/pkg/repository/postgres.go:637.60,640.89 1 1
github.com/pehks1980/go_gb_be1_kurs/web-link/internal/pkg/repository/postgres.go:682.2,683.16 2 1
github.com/pehks1980/go_gb_be1_kurs/web-link/internal/pkg/repository/postgres.go:701.2,707.21 2 1
github.com/pehks1980/go_gb_be1_kurs/web-link/internal/pkg/repository/postgres.go:640.89,649.17 4 1
github.com/pehks1980/go_gb_be1_kurs/web-link/internal/pkg/repository/postgres.go:652.3,654.19 2 1
github.com/pehks1980/go_gb_be1_kurs/web-link/internal/pkg/repository/postgres.go:675.3,675.24 1 1
github.com/pehks1980/go_gb_be1_kurs/web-link/internal/pkg/repository/postgres.go:679.3,679.19 1 1
github.com/pehks1980/go_gb_be1_kurs/web-link/internal/pkg/repository/postgres.go:649.17,651.4 1 0
github.com/pehks1980/go_gb_be1_kurs/web-link/internal/pkg/repository/postgres.go:654.19,669.18 2 1
github.com/pehks1980/go_gb_be1_kurs/web-link/internal/pkg/repository/postgres.go:669.18,671.5 1 0
github.com/pehks1980/go_gb_be1_kurs/web-link/internal/pkg/repository/postgres.go:675.24,677.4 1 0
github.com/pehks1980/go_gb_be1_kurs/web-link/internal/pkg/repository/postgres.go:683.16,685.3 1 0
github.com/pehks1980/go_gb_be1_kurs/web-link/internal/pkg/repository/postgres.go:712.46,714.81 1 1
github.com/pehks1980/go_gb_be1_kurs/web-link/internal/pkg/repository/postgres.go:727.2,728.16 2 1
github.com/pehks1980/go_gb_be1_kurs/web-link/internal/pkg/repository/postgres.go:732.2,732.12 1 1
github.com/pehks1980/go_gb_be1_kurs/web-link/internal/pkg/repository/postgres.go:714.81,720.17 3 1
github.com/pehks1980/go_gb_be1_kurs/web-link/internal/pkg/repository/postgres.go:724.3,724.13 1 1
github.com/pehks1980/go_gb_be1_kurs/web-link/internal/pkg/repository/postgres.go:720.17,722.4 1 0
github.com/pehks1980/go_gb_be1_kurs/web-link/internal/pkg/repository/postgres.go:728.16,730.3 1 0
github.com/pehks1980/go_gb_be1_kurs/web-link/internal/pkg/repository/postgres.go:738.52,739.78 1 1
github.com/pehks1980/go_gb_be1_kurs/web-link/internal/pkg/repository/postgres.go:759.2,761.16 2 1
github.com/pehks1980/go_gb_be1_kurs/web-link/internal/pkg/repository/postgres.go:765.2,765.18 1 1
github.com/pehks1980/go_gb_be1_kurs/web-link/internal/pkg/repository/postgres.go:739.78,746.18 3 1
github.com/pehks1980/go_gb_be1_kurs/web-link/internal/pkg/repository/postgres.go:749.3,751.19 2 1
github.com/pehks1980/go_gb_be1_kurs/web-link/internal/pkg/repository/postgres.go:757.3,757.19 1 1
github.com/pehks1980/go_gb_be1_kurs/web-link/internal/pkg/repository/postgres.go:746.18,748.4 1 0
github.com/pehks1980/go_gb_be1_kurs/web-link/internal/pkg/repository/postgres.go:751.19,753.18 2 1
github.com/pehks1980/go_gb_be1_kurs/web-link/internal/pkg/repository/postgres.go:753.18,755.5 1 0
github.com/pehks1980/go_gb_be1_kurs/web-link/internal/pkg/repository/postgres.go:761.16,763.3 1 0
github.com/pehks1980/go_gb_be1_kurs/web-link/internal/pkg/repository/postgres.go:769.61,771.103 1 1
github.com/pehks1980/go_gb_be1_kurs/web-link/internal/pkg/repository/postgres.go:895.2,896.16 2 1
github.com/pehks1980/go_gb_be1_kurs/web-link/internal/pkg/repository/postgres.go:899.2,899.12 1 1
github.com/pehks1980/go_gb_be1_kurs/web-link/internal/pkg/repository/postgres.go:771.103,786.17 5 1
github.com/pehks1980/go_gb_be1_kurs/web-link/internal/pkg/repository/postgres.go:790.3,790.83 1 1
github.com/pehks1980/go_gb_be1_kurs/web-link/internal/pkg/repository/postgres.go:888.3,888.17 1 1
github.com/pehks1980/go_gb_be1_kurs/web-link/internal/pkg/repository/postgres.go:892.3,892.13 1 1
github.com/pehks1980/go_gb_be1_kurs/web-link/internal/pkg/repository/postgres.go:786.17,788.4 1 0
github.com/pehks1980/go_gb_be1_kurs/web-link/internal/pkg/repository/postgres.go:790.83,796.19 3 1
github.com/pehks1980/go_gb_be1_kurs/web-link/internal/pkg/repository/postgres.go:799.4,802.20 3 1
github.com/pehks1980/go_gb_be1_kurs/web-link/internal/pkg/repository/postgres.go:808.4,808.40 1 1
github.com/pehks1980/go_gb_be1_kurs/web-link/internal/pkg/repository/postgres.go:814.4,818.19 3 1
github.com/pehks1980/go_gb_be1_kurs/web-link/internal/pkg/repository/postgres.go:821.4,822.19 2 1
github.com/pehks1980/go_gb_be1_kurs/web-link/internal/pkg/repository/postgres.go:826.4,832.19 3 1
github.com/pehks1980/go_gb_be1_kurs/web-link/internal/pkg/repository/postgres.go:837.4,841.19 3 1
github.com/pehks1980/go_gb_be1_kurs/web-link/internal/pkg/repository/postgres.go:844.4,846.20 2 1
github.com/pehks1980/go_gb_be1_kurs/web-link/internal/pkg/repository/postgres.go:852.4,857.20 2 1
github.com/pehks1980/go_gb_be1_kurs/web-link/internal/pkg/repository/postgres.go:865.4,866.19 2 1
github.com/pehks1980/go_gb_be1_kurs/web-link/internal/pkg/repository/postgres.go:869.4,871.20 2 1
github.com/pehks1980/go_gb_be1_kurs/web-link/internal/pkg/repository/postgres.go:877.4,877.20 1 1
github.com/pehks1980/go_gb_be1_kurs/web-link/internal/pkg/repository/postgres.go:885.4,885.18 1 1
github.com/pehks1980/go_gb_be1_kurs/web-link/internal/pkg/repository/postgres.go:796.19,798.5 1 0
github.com/pehks1980/go_gb_be1_kurs/web-link/internal/pkg/repository/postgres.go:802.20,806.5 3 1
github.com/pehks1980/go_gb_be1_kurs/web-link/internal/pkg/repository/postgres.go:808.40,811.5 2 0
github.com/pehks1980/go_gb_be1_kurs/web-link/internal/pkg/repository/postgres.go:818.19,820.5 1 0
github.com/pehks1980/go_gb_be1_kurs/web-link/internal/pkg/repository/postgres.go:822.19,824.5 1 0
github.com/pehks1980/go_gb_be1_kurs/web-link/internal/pkg/repository/postgres.go:832.19,834.5 1 0
github.com/pehks1980/go_gb_be1_kurs/web-link/internal/pkg/repository/postgres.go:841.19,843.5 1 0
github.com/pehks1980/go_gb_be1_kurs/web-link/internal/pkg/repository/postgres.go:846.20,850.5 3 1
github.com/pehks1980/go_gb_be1_kurs/web-link/internal/pkg/repository/postgres.go:857.20,860.20 2 0
github.com/pehks1980/go_gb_be1_kurs/web-link/internal/pkg/repository/postgres.go:860.20,862.6 1 0
github.com/pehks1980/go_gb_be1_kurs/web-link/internal/pkg/repository/postgres.go:866.19,868.5 1 0
github.com/pehks1980/go_gb_be1_kurs/web-link/internal/pkg/repository/postgres.go:871.20,875.5 3 1
github.com/pehks1980/go_gb_be1_kurs/web-link/internal/pkg/repository/postgres.go:877.20,880.20 2 0
github.com/pehks1980/go_gb_be1_kurs/web-link/internal/pkg/repository/postgres.go:880.20,882.6 1 0
github.com/pehks1980/go_gb_be1_kurs/web-link/internal/pkg/repository/postgres.go:888.17,890.4 1 0
github.com/pehks1980/go_gb_be1_kurs/web-link/internal/pkg/repository/postgres.go:896.16,898.3 1 0
github.com/pehks1980/go_gb_be1_kurs/web-link/internal/pkg/repository/postgres.go:903.49,905.82 1 1
github.com/pehks1980/go_gb_be1_kurs/web-link/internal/pkg/repository/postgres.go:946.2,947.16 2 1
github.com/pehks1980/go_gb_be1_kurs/web-link/internal/pkg/repository/postgres.go:952.2,953.37 2 1
github.com/pehks1980/go_gb_be1_kurs/web-link/internal/pkg/repository/postgres.go:971.2,971.21 1 1
github.com/pehks1980/go_gb_be1_kurs/web-link/internal/pkg/repository/postgres.go:905.82,912.17 3 1
github.com/pehks1980/go_gb_be1_kurs/web-link/internal/pkg/repository/postgres.go:915.3,919.19 3 1
github.com/pehks1980/go_gb_be1_kurs/web-link/internal/pkg/repository/postgres.go:939.3,939.24 1 1
github.com/pehks1980/go_gb_be1_kurs/web-link/internal/pkg/repository/postgres.go:943.3,943.24 1 1
github.com/pehks1980/go_gb_be1_kurs/web-link/internal/pkg/repository/postgres.go:912.17,914.4 1 0
github.com/pehks1980/go_gb_be1_kurs/web-link/internal/pkg/repository/postgres.go:919.19,932.18 3 1
github.com/pehks1980/go_gb_be1_kurs/web-link/internal/pkg/repository/postgres.go:936.4,936.43 1 1
github.com/pehks1980/go_gb_be1_kurs/web-link/internal/pkg/repository/postgres.go:932.18,934.5 1 0
github.com/pehks1980/go_gb_be1_kurs/web-link/internal/pkg/repository/postgres.go:939.24,941.4 1 0
github.com/pehks1980/go_gb_be1_kurs/web-link/internal/pkg/repository/postgres.go:947.16,949.3 1 0
github.com/pehks1980/go_gb_be1_kurs/web-link/internal/pkg/repository/postgres.go:953.37,956.24 2 1
github.com/pehks1980/go_gb_be1_kurs/web-link/internal/pkg/repository/postgres.go:960.3,968.49 2 1
github.com/pehks1980/go_gb_be1_kurs/web-link/internal/pkg/repository/postgres.go:956.24,958.4 1 1
