mode: set
github.com/pehks1980/go_gb_be1_kurs/web-link/internal/app/endpoint/api-error.go:42.71,51.2 6 1
github.com/pehks1980/go_gb_be1_kurs/web-link/internal/app/endpoint/link-middle.go:19.56,20.71 1 1
github.com/pehks1980/go_gb_be1_kurs/web-link/internal/app/endpoint/link-middle.go:20.71,32.3 5 1
github.com/pehks1980/go_gb_be1_kurs/web-link/internal/app/endpoint/link-middle.go:36.70,47.20 5 1
github.com/pehks1980/go_gb_be1_kurs/web-link/internal/app/endpoint/link-middle.go:54.2,64.16 4 1
github.com/pehks1980/go_gb_be1_kurs/web-link/internal/app/endpoint/link-middle.go:68.2,68.16 1 1
github.com/pehks1980/go_gb_be1_kurs/web-link/internal/app/endpoint/link-middle.go:47.20,51.3 2 1
github.com/pehks1980/go_gb_be1_kurs/web-link/internal/app/endpoint/link-middle.go:64.16,66.3 1 0
github.com/pehks1980/go_gb_be1_kurs/web-link/internal/app/endpoint/link-middle.go:73.57,74.71 1 1
github.com/pehks1980/go_gb_be1_kurs/web-link/internal/app/endpoint/link-middle.go:74.71,76.35 1 1
github.com/pehks1980/go_gb_be1_kurs/web-link/internal/app/endpoint/link-middle.go:82.3,84.20 3 1
github.com/pehks1980/go_gb_be1_kurs/web-link/internal/app/endpoint/link-middle.go:90.3,92.27 2 1
github.com/pehks1980/go_gb_be1_kurs/web-link/internal/app/endpoint/link-middle.go:98.3,99.81 2 1
github.com/pehks1980/go_gb_be1_kurs/web-link/internal/app/endpoint/link-middle.go:107.3,107.18 1 1
github.com/pehks1980/go_gb_be1_kurs/web-link/internal/app/endpoint/link-middle.go:144.3,144.50 1 0
github.com/pehks1980/go_gb_be1_kurs/web-link/internal/app/endpoint/link-middle.go:76.35,80.4 2 1
github.com/pehks1980/go_gb_be1_kurs/web-link/internal/app/endpoint/link-middle.go:84.20,88.4 2 1
github.com/pehks1980/go_gb_be1_kurs/web-link/internal/app/endpoint/link-middle.go:92.27,95.4 2 0
github.com/pehks1980/go_gb_be1_kurs/web-link/internal/app/endpoint/link-middle.go:99.81,100.59 1 1
github.com/pehks1980/go_gb_be1_kurs/web-link/internal/app/endpoint/link-middle.go:103.4,104.33 2 1
github.com/pehks1980/go_gb_be1_kurs/web-link/internal/app/endpoint/link-middle.go:100.59,102.5 1 0
github.com/pehks1980/go_gb_be1_kurs/web-link/internal/app/endpoint/link-middle.go:107.18,108.69 1 1
github.com/pehks1980/go_gb_be1_kurs/web-link/internal/app/endpoint/link-middle.go:108.69,111.41 2 1
github.com/pehks1980/go_gb_be1_kurs/web-link/internal/app/endpoint/link-middle.go:111.41,114.33 2 1
github.com/pehks1980/go_gb_be1_kurs/web-link/internal/app/endpoint/link-middle.go:114.33,117.7 2 1
github.com/pehks1980/go_gb_be1_kurs/web-link/internal/app/endpoint/link-middle.go:118.11,122.34 2 1
github.com/pehks1980/go_gb_be1_kurs/web-link/internal/app/endpoint/link-middle.go:126.6,127.12 2 1
github.com/pehks1980/go_gb_be1_kurs/web-link/internal/app/endpoint/link-middle.go:122.34,125.7 2 1
github.com/pehks1980/go_gb_be1_kurs/web-link/internal/app/endpoint/link-middle.go:130.10,134.5 3 0
github.com/pehks1980/go_gb_be1_kurs/web-link/internal/app/endpoint/link-middle.go:136.9,136.54 1 0
github.com/pehks1980/go_gb_be1_kurs/web-link/internal/app/endpoint/link-middle.go:136.54,137.82 1 0
github.com/pehks1980/go_gb_be1_kurs/web-link/internal/app/endpoint/link-middle.go:137.82,141.5 3 0
github.com/pehks1980/go_gb_be1_kurs/web-link/internal/app/endpoint/link-validate.go:12.91,19.2 4 1
github.com/pehks1980/go_gb_be1_kurs/web-link/internal/app/endpoint/link-validate.go:24.94,27.16 2 1
github.com/pehks1980/go_gb_be1_kurs/web-link/internal/app/endpoint/link-validate.go:31.2,34.41 3 1
github.com/pehks1980/go_gb_be1_kurs/web-link/internal/app/endpoint/link-validate.go:40.2,40.22 1 0
github.com/pehks1980/go_gb_be1_kurs/web-link/internal/app/endpoint/link-validate.go:27.16,29.3 1 0
github.com/pehks1980/go_gb_be1_kurs/web-link/internal/app/endpoint/link-validate.go:34.41,35.29 1 1
github.com/pehks1980/go_gb_be1_kurs/web-link/internal/app/endpoint/link-validate.go:35.29,37.4 1 1
github.com/pehks1980/go_gb_be1_kurs/web-link/internal/app/endpoint/link.go:29.54,47.2 12 1
github.com/pehks1980/go_gb_be1_kurs/web-link/internal/app/endpoint/link.go:50.77,51.60 1 1
github.com/pehks1980/go_gb_be1_kurs/web-link/internal/app/endpoint/link.go:51.60,81.17 10 1
github.com/pehks1980/go_gb_be1_kurs/web-link/internal/app/endpoint/link.go:81.17,83.4 1 0
github.com/pehks1980/go_gb_be1_kurs/web-link/internal/app/endpoint/link.go:89.69,90.60 1 1
github.com/pehks1980/go_gb_be1_kurs/web-link/internal/app/endpoint/link.go:90.60,93.40 2 1
github.com/pehks1980/go_gb_be1_kurs/web-link/internal/app/endpoint/link.go:98.3,110.17 5 1
github.com/pehks1980/go_gb_be1_kurs/web-link/internal/app/endpoint/link.go:115.3,115.27 1 1
github.com/pehks1980/go_gb_be1_kurs/web-link/internal/app/endpoint/link.go:120.3,131.17 7 1
github.com/pehks1980/go_gb_be1_kurs/web-link/internal/app/endpoint/link.go:135.3,135.9 1 1
github.com/pehks1980/go_gb_be1_kurs/web-link/internal/app/endpoint/link.go:93.40,96.4 2 0
github.com/pehks1980/go_gb_be1_kurs/web-link/internal/app/endpoint/link.go:110.17,113.4 2 0
github.com/pehks1980/go_gb_be1_kurs/web-link/internal/app/endpoint/link.go:115.27,118.4 2 0
github.com/pehks1980/go_gb_be1_kurs/web-link/internal/app/endpoint/link.go:131.17,133.4 1 0
github.com/pehks1980/go_gb_be1_kurs/web-link/internal/app/endpoint/link.go:141.52,142.60 1 1
github.com/pehks1980/go_gb_be1_kurs/web-link/internal/app/endpoint/link.go:142.60,145.11 2 1
github.com/pehks1980/go_gb_be1_kurs/web-link/internal/app/endpoint/link.go:151.3,152.17 2 1
github.com/pehks1980/go_gb_be1_kurs/web-link/internal/app/endpoint/link.go:145.11,148.4 2 0
github.com/pehks1980/go_gb_be1_kurs/web-link/internal/app/endpoint/link.go:152.17,155.4 2 0
github.com/pehks1980/go_gb_be1_kurs/web-link/internal/app/endpoint/link.go:161.50,162.60 1 1
github.com/pehks1980/go_gb_be1_kurs/web-link/internal/app/endpoint/link.go:162.60,165.40 2 1
github.com/pehks1980/go_gb_be1_kurs/web-link/internal/app/endpoint/link.go:170.3,174.11 4 1
github.com/pehks1980/go_gb_be1_kurs/web-link/internal/app/endpoint/link.go:179.3,180.17 2 1
github.com/pehks1980/go_gb_be1_kurs/web-link/internal/app/endpoint/link.go:184.3,189.17 5 1
github.com/pehks1980/go_gb_be1_kurs/web-link/internal/app/endpoint/link.go:193.3,194.17 2 1
github.com/pehks1980/go_gb_be1_kurs/web-link/internal/app/endpoint/link.go:197.3,197.9 1 1
github.com/pehks1980/go_gb_be1_kurs/web-link/internal/app/endpoint/link.go:165.40,168.4 2 0
github.com/pehks1980/go_gb_be1_kurs/web-link/internal/app/endpoint/link.go:174.11,177.4 2 0
github.com/pehks1980/go_gb_be1_kurs/web-link/internal/app/endpoint/link.go:180.17,183.4 2 0
github.com/pehks1980/go_gb_be1_kurs/web-link/internal/app/endpoint/link.go:189.17,191.4 1 0
github.com/pehks1980/go_gb_be1_kurs/web-link/internal/app/endpoint/link.go:194.17,196.4 1 0
github.com/pehks1980/go_gb_be1_kurs/web-link/internal/app/endpoint/link.go:202.51,203.60 1 1
github.com/pehks1980/go_gb_be1_kurs/web-link/internal/app/endpoint/link.go:203.60,206.40 2 1
github.com/pehks1980/go_gb_be1_kurs/web-link/internal/app/endpoint/link.go:210.3,214.17 4 1
github.com/pehks1980/go_gb_be1_kurs/web-link/internal/app/endpoint/link.go:219.3,220.17 2 1
github.com/pehks1980/go_gb_be1_kurs/web-link/internal/app/endpoint/link.go:225.3,225.29 1 1
github.com/pehks1980/go_gb_be1_kurs/web-link/internal/app/endpoint/link.go:230.3,232.42 2 1
github.com/pehks1980/go_gb_be1_kurs/web-link/internal/app/endpoint/link.go:238.3,241.17 4 1
github.com/pehks1980/go_gb_be1_kurs/web-link/internal/app/endpoint/link.go:244.3,246.17 3 1
github.com/pehks1980/go_gb_be1_kurs/web-link/internal/app/endpoint/link.go:249.3,249.9 1 1
github.com/pehks1980/go_gb_be1_kurs/web-link/internal/app/endpoint/link.go:206.40,209.4 2 0
github.com/pehks1980/go_gb_be1_kurs/web-link/internal/app/endpoint/link.go:214.17,217.4 2 0
github.com/pehks1980/go_gb_be1_kurs/web-link/internal/app/endpoint/link.go:220.17,223.4 2 0
github.com/pehks1980/go_gb_be1_kurs/web-link/internal/app/endpoint/link.go:225.29,228.4 2 0
github.com/pehks1980/go_gb_be1_kurs/web-link/internal/app/endpoint/link.go:232.42,233.38 1 0
github.com/pehks1980/go_gb_be1_kurs/web-link/internal/app/endpoint/link.go:233.38,236.5 2 0
github.com/pehks1980/go_gb_be1_kurs/web-link/internal/app/endpoint/link.go:241.17,243.4 1 0
github.com/pehks1980/go_gb_be1_kurs/web-link/internal/app/endpoint/link.go:246.17,248.4 1 0
github.com/pehks1980/go_gb_be1_kurs/web-link/internal/app/endpoint/link.go:255.52,256.60 1 1
github.com/pehks1980/go_gb_be1_kurs/web-link/internal/app/endpoint/link.go:256.60,261.17 4 1
github.com/pehks1980/go_gb_be1_kurs/web-link/internal/app/endpoint/link.go:266.3,266.42 1 1
github.com/pehks1980/go_gb_be1_kurs/web-link/internal/app/endpoint/link.go:277.3,278.17 2 1
github.com/pehks1980/go_gb_be1_kurs/web-link/internal/app/endpoint/link.go:261.17,264.4 2 0
github.com/pehks1980/go_gb_be1_kurs/web-link/internal/app/endpoint/link.go:266.42,268.21 2 1
github.com/pehks1980/go_gb_be1_kurs/web-link/internal/app/endpoint/link.go:274.4,274.53 1 1
github.com/pehks1980/go_gb_be1_kurs/web-link/internal/app/endpoint/link.go:268.21,272.5 2 0
github.com/pehks1980/go_gb_be1_kurs/web-link/internal/app/endpoint/link.go:278.17,280.4 1 0
github.com/pehks1980/go_gb_be1_kurs/web-link/internal/app/endpoint/link.go:286.53,287.60 1 1
github.com/pehks1980/go_gb_be1_kurs/web-link/internal/app/endpoint/link.go:287.60,293.11 4 0
github.com/pehks1980/go_gb_be1_kurs/web-link/internal/app/endpoint/link.go:298.3,299.17 2 0
github.com/pehks1980/go_gb_be1_kurs/web-link/internal/app/endpoint/link.go:304.3,306.17 3 0
github.com/pehks1980/go_gb_be1_kurs/web-link/internal/app/endpoint/link.go:293.11,296.4 2 0
github.com/pehks1980/go_gb_be1_kurs/web-link/internal/app/endpoint/link.go:299.17,302.4 2 0
github.com/pehks1980/go_gb_be1_kurs/web-link/internal/app/endpoint/link.go:306.17,308.4 1 0
github.com/pehks1980/go_gb_be1_kurs/web-link/internal/app/endpoint/link.go:313.53,314.60 1 1
github.com/pehks1980/go_gb_be1_kurs/web-link/internal/app/endpoint/link.go:314.60,323.17 4 1
github.com/pehks1980/go_gb_be1_kurs/web-link/internal/app/endpoint/link.go:328.3,331.9 3 1
github.com/pehks1980/go_gb_be1_kurs/web-link/internal/app/endpoint/link.go:323.17,326.4 2 0
